[  0%] Built target geometry_msgs_generate_messages_py
[  0%] Built target std_msgs_generate_messages_py
[  0%] Built target std_msgs_generate_messages_nodejs
[  0%] Built target std_msgs_generate_messages_eus
[  0%] Built target sensor_msgs_generate_messages_lisp
[  0%] Built target geometry_msgs_generate_messages_nodejs
[  0%] Built target std_msgs_generate_messages_cpp
[  0%] Built target geometry_msgs_generate_messages_eus
[  0%] Built target sensor_msgs_generate_messages_py
[  0%] Built target geometry_msgs_generate_messages_lisp
[  0%] Built target std_msgs_generate_messages_lisp
[  0%] Built target sensor_msgs_generate_messages_cpp
[  0%] Built target sensor_msgs_generate_messages_eus
[  0%] Built target sensor_msgs_generate_messages_nodejs
[  0%] Built target geometry_msgs_generate_messages_cpp
[ 50%] Built target cv_bridge
[100%] Built target cv_bridge_boost
[36mInstall the project...[0m
-- Install configuration: ""
-- Up-to-date: /home/puzzlebot/cvbridge_build_ws/install/_setup_util.py
-- Up-to-date: /home/puzzlebot/cvbridge_build_ws/install/env.sh
-- Up-to-date: /home/puzzlebot/cvbridge_build_ws/install/setup.bash
-- Up-to-date: /home/puzzlebot/cvbridge_build_ws/install/local_setup.bash
-- Up-to-date: /home/puzzlebot/cvbridge_build_ws/install/setup.sh
-- Up-to-date: /home/puzzlebot/cvbridge_build_ws/install/local_setup.sh
-- Up-to-date: /home/puzzlebot/cvbridge_build_ws/install/setup.zsh
-- Up-to-date: /home/puzzlebot/cvbridge_build_ws/install/local_setup.zsh
-- Up-to-date: /home/puzzlebot/cvbridge_build_ws/install/.rosinstall
-- Up-to-date: /home/puzzlebot/cvbridge_build_ws/install/lib/pkgconfig/cv_bridge.pc
-- Up-to-date: /home/puzzlebot/cvbridge_build_ws/install/share/cv_bridge/cmake/cv_bridge-extras.cmake
-- Up-to-date: /home/puzzlebot/cvbridge_build_ws/install/share/cv_bridge/cmake/cv_bridgeConfig.cmake
-- Up-to-date: /home/puzzlebot/cvbridge_build_ws/install/share/cv_bridge/cmake/cv_bridgeConfig-version.cmake
-- Up-to-date: /home/puzzlebot/cvbridge_build_ws/install/share/cv_bridge/package.xml
+ cd /home/puzzlebot/cvbridge_build_ws/src/vision_opencv/cv_bridge
+ mkdir -p /home/puzzlebot/cvbridge_build_ws/install/lib/python3/dist-packages
+ /usr/bin/env PYTHONPATH=/home/puzzlebot/cvbridge_build_ws/install/lib/python3/dist-packages:/home/puzzlebot/cvbridge_build_ws/build/cv_bridge/lib/python3/dist-packages:/home/puzzlebot/cvbridge_build_ws/install/lib/python3/dist-packages:/home/puzzlebot/puzzlebot_ws/devel/lib/python2.7/dist-packages:/opt/ros/melodic/lib/python2.7/dist-packages CATKIN_BINARY_DIR=/home/puzzlebot/cvbridge_build_ws/build/cv_bridge /usr/bin/python3 /home/puzzlebot/cvbridge_build_ws/src/vision_opencv/cv_bridge/setup.py egg_info --egg-base /home/puzzlebot/cvbridge_build_ws/build/cv_bridge build --build-base /home/puzzlebot/cvbridge_build_ws/build/cv_bridge install --root=/ --install-layout=deb --prefix=/home/puzzlebot/cvbridge_build_ws/install --install-scripts=/home/puzzlebot/cvbridge_build_ws/install/bin
running egg_info
writing /home/puzzlebot/cvbridge_build_ws/build/cv_bridge/cv_bridge.egg-info/PKG-INFO
writing dependency_links to /home/puzzlebot/cvbridge_build_ws/build/cv_bridge/cv_bridge.egg-info/dependency_links.txt
writing top-level names to /home/puzzlebot/cvbridge_build_ws/build/cv_bridge/cv_bridge.egg-info/top_level.txt
reading manifest file '/home/puzzlebot/cvbridge_build_ws/build/cv_bridge/cv_bridge.egg-info/SOURCES.txt'
writing manifest file '/home/puzzlebot/cvbridge_build_ws/build/cv_bridge/cv_bridge.egg-info/SOURCES.txt'
running build
running build_py
running install
running install_lib
running install_egg_info
removing '/home/puzzlebot/cvbridge_build_ws/install/lib/python3/dist-packages/cv_bridge-1.16.2-py3.6.egg-info' (and everything under it)
Copying /home/puzzlebot/cvbridge_build_ws/build/cv_bridge/cv_bridge.egg-info to /home/puzzlebot/cvbridge_build_ws/install/lib/python3/dist-packages/cv_bridge-1.16.2-py3.6.egg-info
running install_scripts
-- Up-to-date: /home/puzzlebot/cvbridge_build_ws/install/include/cv_bridge
-- Up-to-date: /home/puzzlebot/cvbridge_build_ws/install/include/cv_bridge/cv_bridge.h
-- Up-to-date: /home/puzzlebot/cvbridge_build_ws/install/include/cv_bridge/rgb_colors.h
-- Up-to-date: /home/puzzlebot/cvbridge_build_ws/install/lib/python3/dist-packages/cv_bridge/boost/__init__.py
-- Up-to-date: /home/puzzlebot/cvbridge_build_ws/install/lib/libcv_bridge.so
-- Up-to-date: /home/puzzlebot/cvbridge_build_ws/install/lib/python3/dist-packages/cv_bridge/boost/cv_bridge_boost.so
